DEPRECATION WARNING: Using `bin/rake routes` is deprecated and will be removed in Rails 6.1. Use `bin/rails routes` instead.
 (called from load at /Users/twernecke/.rbenv/versions/2.6.3/bin/rake:23)
Started GET "/" for ::1 at 2019-11-11 13:45:58 -0500
  [1m[35m (0.9ms)[0m  [1m[34mSELECT sqlite_version(*)[0m
Processing by StaticPagesController#home as HTML
  Rendering static_pages/home.html.erb within layouts/application
  Rendered static_pages/home.html.erb within layouts/application (Duration: 0.9ms | Allocations: 215)
[Webpacker] Compiling…
[Webpacker] Compiled all packs in /Users/twernecke/environment/fundraising_app/public/packs
Completed 200 OK in 8652ms (Views: 8642.8ms | ActiveRecord: 0.0ms | Allocations: 13721)


Started GET "/" for ::1 at 2019-11-11 13:47:28 -0500
  [1m[35m (2.1ms)[0m  [1m[34mSELECT sqlite_version(*)[0m
Processing by StaticPagesController#home as HTML
  Rendering static_pages/home.html.erb within layouts/application
  Rendered static_pages/home.html.erb within layouts/application (Duration: 0.8ms | Allocations: 215)
Completed 200 OK in 96ms (Views: 89.4ms | ActiveRecord: 0.0ms | Allocations: 6444)


Started GET "/static_pages/about" for ::1 at 2019-11-11 13:47:31 -0500
Processing by StaticPagesController#about as HTML
  Rendering static_pages/about.html.erb within layouts/application
  Rendered static_pages/about.html.erb within layouts/application (Duration: 0.5ms | Allocations: 93)
Completed 200 OK in 17ms (Views: 9.6ms | ActiveRecord: 0.0ms | Allocations: 3143)


Started GET "/" for ::1 at 2019-11-11 13:47:32 -0500
Processing by StaticPagesController#home as HTML
  Rendering static_pages/home.html.erb within layouts/application
  Rendered static_pages/home.html.erb within layouts/application (Duration: 0.1ms | Allocations: 7)
Completed 200 OK in 23ms (Views: 21.9ms | ActiveRecord: 0.0ms | Allocations: 2907)


Started GET "/static_pages/about" for ::1 at 2019-11-11 13:47:33 -0500
Processing by StaticPagesController#about as HTML
  Rendering static_pages/about.html.erb within layouts/application
  Rendered static_pages/about.html.erb within layouts/application (Duration: 0.1ms | Allocations: 7)
Completed 200 OK in 14ms (Views: 12.8ms | ActiveRecord: 0.0ms | Allocations: 2904)


Started GET "/" for ::1 at 2019-11-11 13:47:35 -0500
Processing by StaticPagesController#home as HTML
  Rendering static_pages/home.html.erb within layouts/application
  Rendered static_pages/home.html.erb within layouts/application (Duration: 0.1ms | Allocations: 7)
Completed 200 OK in 22ms (Views: 20.6ms | ActiveRecord: 0.0ms | Allocations: 2905)


Started GET "/static_pages/about" for ::1 at 2019-11-11 13:47:35 -0500
Processing by StaticPagesController#about as HTML
  Rendering static_pages/about.html.erb within layouts/application
  Rendered static_pages/about.html.erb within layouts/application (Duration: 0.1ms | Allocations: 7)
Completed 200 OK in 17ms (Views: 13.0ms | ActiveRecord: 0.0ms | Allocations: 2904)


Started GET "/" for ::1 at 2019-11-11 13:47:36 -0500
Processing by StaticPagesController#home as HTML
  Rendering static_pages/home.html.erb within layouts/application
  Rendered static_pages/home.html.erb within layouts/application (Duration: 0.1ms | Allocations: 7)
Completed 200 OK in 20ms (Views: 16.8ms | ActiveRecord: 0.0ms | Allocations: 2912)


Started GET "/" for ::1 at 2019-11-11 13:48:39 -0500
Processing by StaticPagesController#home as HTML
  Rendering static_pages/home.html.erb within layouts/application
  Rendered static_pages/home.html.erb within layouts/application (Duration: 0.7ms | Allocations: 96)
Completed 200 OK in 16ms (Views: 13.5ms | ActiveRecord: 0.0ms | Allocations: 4397)


Started GET "/static_pages/about" for ::1 at 2019-11-11 13:48:42 -0500
Processing by StaticPagesController#about as HTML
  Rendering static_pages/about.html.erb within layouts/application
  Rendered static_pages/about.html.erb within layouts/application (Duration: 0.3ms | Allocations: 90)
Completed 200 OK in 13ms (Views: 11.8ms | ActiveRecord: 0.0ms | Allocations: 3135)


Started GET "/" for ::1 at 2019-11-11 13:48:43 -0500
Processing by StaticPagesController#home as HTML
  Rendering static_pages/home.html.erb within layouts/application
  Rendered static_pages/home.html.erb within layouts/application (Duration: 0.1ms | Allocations: 7)
Completed 200 OK in 23ms (Views: 20.5ms | ActiveRecord: 0.0ms | Allocations: 2904)


Started GET "/static_pages/about" for ::1 at 2019-11-11 13:48:44 -0500
Processing by StaticPagesController#about as HTML
  Rendering static_pages/about.html.erb within layouts/application
  Rendered static_pages/about.html.erb within layouts/application (Duration: 0.1ms | Allocations: 7)
Completed 200 OK in 21ms (Views: 18.4ms | ActiveRecord: 0.0ms | Allocations: 2910)


Started GET "/" for ::1 at 2019-11-11 13:48:45 -0500
Processing by StaticPagesController#home as HTML
  Rendering static_pages/home.html.erb within layouts/application
  Rendered static_pages/home.html.erb within layouts/application (Duration: 0.1ms | Allocations: 7)
Completed 200 OK in 22ms (Views: 18.5ms | ActiveRecord: 0.0ms | Allocations: 2905)


Started GET "/static_pages/about" for ::1 at 2019-11-11 13:48:45 -0500
Processing by StaticPagesController#about as HTML
  Rendering static_pages/about.html.erb within layouts/application
  Rendered static_pages/about.html.erb within layouts/application (Duration: 0.1ms | Allocations: 7)
Completed 200 OK in 23ms (Views: 21.4ms | ActiveRecord: 0.0ms | Allocations: 2901)


Started GET "/" for ::1 at 2019-11-11 13:48:46 -0500
Processing by StaticPagesController#home as HTML
  Rendering static_pages/home.html.erb within layouts/application
  Rendered static_pages/home.html.erb within layouts/application (Duration: 0.1ms | Allocations: 7)
Completed 200 OK in 11ms (Views: 9.7ms | ActiveRecord: 0.0ms | Allocations: 2907)


Started GET "/" for ::1 at 2019-11-11 13:49:43 -0500
Processing by StaticPagesController#home as HTML
  Rendering static_pages/home.html.erb within layouts/application
  Rendered static_pages/home.html.erb within layouts/application (Duration: 0.6ms | Allocations: 111)
Completed 200 OK in 15ms (Views: 13.4ms | ActiveRecord: 0.0ms | Allocations: 4407)


Started GET "/static_pages/about" for ::1 at 2019-11-11 13:49:45 -0500
Processing by StaticPagesController#about as HTML
  Rendering static_pages/about.html.erb within layouts/application
  Rendered static_pages/about.html.erb within layouts/application (Duration: 0.5ms | Allocations: 105)
Completed 200 OK in 11ms (Views: 7.9ms | ActiveRecord: 0.0ms | Allocations: 3152)


Started GET "/" for ::1 at 2019-11-11 13:49:46 -0500
Processing by StaticPagesController#home as HTML
  Rendering static_pages/home.html.erb within layouts/application
  Rendered static_pages/home.html.erb within layouts/application (Duration: 0.1ms | Allocations: 7)
Completed 200 OK in 9ms (Views: 8.2ms | ActiveRecord: 0.0ms | Allocations: 2911)


Started GET "/static_pages/about" for ::1 at 2019-11-11 13:49:47 -0500
Processing by StaticPagesController#about as HTML
  Rendering static_pages/about.html.erb within layouts/application
  Rendered static_pages/about.html.erb within layouts/application (Duration: 0.1ms | Allocations: 7)
Completed 200 OK in 12ms (Views: 11.1ms | ActiveRecord: 0.0ms | Allocations: 2907)


Started GET "/" for ::1 at 2019-11-11 13:49:48 -0500
Processing by StaticPagesController#home as HTML
  Rendering static_pages/home.html.erb within layouts/application
  Rendered static_pages/home.html.erb within layouts/application (Duration: 0.1ms | Allocations: 7)
Completed 200 OK in 23ms (Views: 22.1ms | ActiveRecord: 0.0ms | Allocations: 2906)


  [1m[35m (0.5ms)[0m  [1m[34mSELECT sqlite_version(*)[0m
  [1m[35m (2.5ms)[0m  [1m[35mCREATE TABLE "schema_migrations" ("version" varchar NOT NULL PRIMARY KEY)[0m
  [1m[35m (1.9ms)[0m  [1m[35mCREATE TABLE "ar_internal_metadata" ("key" varchar NOT NULL PRIMARY KEY, "value" varchar, "created_at" datetime(6) NOT NULL, "updated_at" datetime(6) NOT NULL)[0m
  [1m[35m (0.3ms)[0m  [1m[34mSELECT "schema_migrations"."version" FROM "schema_migrations" ORDER BY "schema_migrations"."version" ASC[0m
Migrating to CreateDonations (20191111192117)
  [1m[35m (0.1ms)[0m  [1m[36mbegin transaction[0m
  [1m[35m (0.8ms)[0m  [1m[35mCREATE TABLE "donations" ("id" integer PRIMARY KEY AUTOINCREMENT NOT NULL, "title" varchar, "created_at" datetime(6) NOT NULL, "updated_at" datetime(6) NOT NULL)[0m
  [1m[36mprimary::SchemaMigration Create (0.3ms)[0m  [1m[32mINSERT INTO "schema_migrations" ("version") VALUES (?)[0m  [["version", "20191111192117"]]
  [1m[35m (1.4ms)[0m  [1m[36mcommit transaction[0m
  [1m[36mActiveRecord::InternalMetadata Load (0.3ms)[0m  [1m[34mSELECT "ar_internal_metadata".* FROM "ar_internal_metadata" WHERE "ar_internal_metadata"."key" = ? LIMIT ?[0m  [["key", "environment"], ["LIMIT", 1]]
  [1m[35m (0.1ms)[0m  [1m[36mbegin transaction[0m
  [1m[36mActiveRecord::InternalMetadata Create (0.9ms)[0m  [1m[32mINSERT INTO "ar_internal_metadata" ("key", "value", "created_at", "updated_at") VALUES (?, ?, ?, ?)[0m  [["key", "environment"], ["value", "development"], ["created_at", "2019-11-11 19:24:18.231365"], ["updated_at", "2019-11-11 19:24:18.231365"]]
  [1m[35m (1.3ms)[0m  [1m[36mcommit transaction[0m
  [1m[35m (0.1ms)[0m  [1m[34mSELECT sqlite_version(*)[0m
  [1m[35m (0.3ms)[0m  [1m[34mSELECT "schema_migrations"."version" FROM "schema_migrations" ORDER BY "schema_migrations"."version" ASC[0m
  [1m[35m (0.5ms)[0m  [1m[34mSELECT sqlite_version(*)[0m
  [1m[35m (0.2ms)[0m  [1m[34mSELECT "schema_migrations"."version" FROM "schema_migrations" ORDER BY "schema_migrations"."version" ASC[0m
Migrating to RemoveTitleFromDonations (20191111193633)
  [1m[35m (0.1ms)[0m  [1m[36mbegin transaction[0m
  [1m[35m (0.1ms)[0m  [1m[35mPRAGMA foreign_keys[0m
  [1m[35m (0.1ms)[0m  [1m[35mPRAGMA defer_foreign_keys[0m
  [1m[35m (0.1ms)[0m  [1m[35mPRAGMA defer_foreign_keys = ON[0m
  [1m[35m (0.1ms)[0m  [1m[35mPRAGMA foreign_keys = OFF[0m
  [1m[35m (0.3ms)[0m  [1m[35mCREATE TEMPORARY TABLE "adonations" ("id" integer NOT NULL PRIMARY KEY, "title" varchar DEFAULT NULL, "created_at" datetime(6) NOT NULL, "updated_at" datetime(6) NOT NULL)[0m
  [1m[35m (0.1ms)[0m  [1m[32mINSERT INTO "adonations" ("id","title","created_at","updated_at")
                     SELECT "id","title","created_at","updated_at" FROM "donations"[0m
  [1m[35m (0.6ms)[0m  [1m[35mDROP TABLE "donations"[0m
  [1m[35m (0.4ms)[0m  [1m[35mCREATE TABLE "donations" ("id" integer NOT NULL PRIMARY KEY, "created_at" datetime(6) NOT NULL, "updated_at" datetime(6) NOT NULL)[0m
  [1m[35m (0.1ms)[0m  [1m[32mINSERT INTO "donations" ("id","created_at","updated_at")
                     SELECT "id","created_at","updated_at" FROM "adonations"[0m
  [1m[35m (0.4ms)[0m  [1m[35mDROP TABLE "adonations"[0m
  [1m[35m (0.2ms)[0m  [1m[35mPRAGMA defer_foreign_keys = 0[0m
  [1m[35m (0.1ms)[0m  [1m[35mPRAGMA foreign_keys = 1[0m
  [1m[36mprimary::SchemaMigration Create (0.5ms)[0m  [1m[32mINSERT INTO "schema_migrations" ("version") VALUES (?)[0m  [["version", "20191111193633"]]
  [1m[35m (1.5ms)[0m  [1m[36mcommit transaction[0m
  [1m[36mActiveRecord::InternalMetadata Load (0.3ms)[0m  [1m[34mSELECT "ar_internal_metadata".* FROM "ar_internal_metadata" WHERE "ar_internal_metadata"."key" = ? LIMIT ?[0m  [["key", "environment"], ["LIMIT", 1]]
  [1m[35m (0.1ms)[0m  [1m[34mSELECT sqlite_version(*)[0m
  [1m[35m (0.2ms)[0m  [1m[34mSELECT "schema_migrations"."version" FROM "schema_migrations" ORDER BY "schema_migrations"."version" ASC[0m
  [1m[35m (0.5ms)[0m  [1m[34mSELECT sqlite_version(*)[0m
  [1m[35m (0.2ms)[0m  [1m[34mSELECT "schema_migrations"."version" FROM "schema_migrations" ORDER BY "schema_migrations"."version" ASC[0m
Migrating to AddAmountToDonations (20191111193826)
  [1m[35m (0.1ms)[0m  [1m[36mbegin transaction[0m
  [1m[35m (0.8ms)[0m  [1m[35mALTER TABLE "donations" ADD "amount" integer[0m
  [1m[36mprimary::SchemaMigration Create (0.2ms)[0m  [1m[32mINSERT INTO "schema_migrations" ("version") VALUES (?)[0m  [["version", "20191111193826"]]
  [1m[35m (1.2ms)[0m  [1m[36mcommit transaction[0m
  [1m[36mActiveRecord::InternalMetadata Load (0.3ms)[0m  [1m[34mSELECT "ar_internal_metadata".* FROM "ar_internal_metadata" WHERE "ar_internal_metadata"."key" = ? LIMIT ?[0m  [["key", "environment"], ["LIMIT", 1]]
  [1m[35m (0.1ms)[0m  [1m[34mSELECT sqlite_version(*)[0m
  [1m[35m (0.1ms)[0m  [1m[34mSELECT "schema_migrations"."version" FROM "schema_migrations" ORDER BY "schema_migrations"."version" ASC[0m
Started GET "/" for ::1 at 2019-11-11 14:41:20 -0500
  [1m[35m (0.1ms)[0m  [1m[34mSELECT sqlite_version(*)[0m
  [1m[35m (0.4ms)[0m  [1m[34mSELECT "schema_migrations"."version" FROM "schema_migrations" ORDER BY "schema_migrations"."version" ASC[0m
Processing by DonationsController#index as HTML
  Rendering donations/index.html.erb within layouts/application
  [1m[36mDonation Load (0.4ms)[0m  [1m[34mSELECT "donations".* FROM "donations"[0m
  ↳ app/views/donations/index.html.erb:6
  Rendered donations/index.html.erb within layouts/application (Duration: 6.8ms | Allocations: 1142)
Completed 200 OK in 46ms (Views: 43.0ms | ActiveRecord: 0.9ms | Allocations: 5376)


Started GET "/donations/new" for ::1 at 2019-11-11 14:41:22 -0500
Processing by DonationsController#new as HTML
  Rendering donations/new.html.erb within layouts/application
  Rendered donations/new.html.erb within layouts/application (Duration: 7.4ms | Allocations: 2068)
Completed 200 OK in 24ms (Views: 15.4ms | ActiveRecord: 0.7ms | Allocations: 7582)


Started POST "/donations" for ::1 at 2019-11-11 14:41:28 -0500
Processing by DonationsController#create as HTML
  Parameters: {"authenticity_token"=>"IqKdHSJnhgp3PosKIml00zWzopiTr+D04lDjBLCSMH4kbUNIgrGNUaze1vimDzBDpU26zfwp8r/JHCaiR8rKLg==", "donation"=>{"amount"=>"50"}, "commit"=>"Donate"}
  [1m[35m (0.3ms)[0m  [1m[36mbegin transaction[0m
  ↳ app/controllers/donations_controller.rb:11:in `create'
  [1m[36mDonation Create (1.4ms)[0m  [1m[32mINSERT INTO "donations" ("created_at", "updated_at", "amount") VALUES (?, ?, ?)[0m  [["created_at", "2019-11-11 19:41:28.259990"], ["updated_at", "2019-11-11 19:41:28.259990"], ["amount", 50]]
  ↳ app/controllers/donations_controller.rb:11:in `create'
  [1m[35m (1.9ms)[0m  [1m[36mcommit transaction[0m
  ↳ app/controllers/donations_controller.rb:11:in `create'
Redirected to http://localhost:3000/donations
Completed 302 Found in 22ms (ActiveRecord: 3.6ms | Allocations: 2591)


Started GET "/donations" for ::1 at 2019-11-11 14:41:28 -0500
Processing by DonationsController#index as HTML
  Rendering donations/index.html.erb within layouts/application
  [1m[36mDonation Load (0.2ms)[0m  [1m[34mSELECT "donations".* FROM "donations"[0m
  ↳ app/views/donations/index.html.erb:6
  Rendered donations/index.html.erb within layouts/application (Duration: 3.5ms | Allocations: 624)
Completed 200 OK in 16ms (Views: 14.7ms | ActiveRecord: 0.2ms | Allocations: 3532)


  [1m[35m (0.5ms)[0m  [1m[34mSELECT sqlite_version(*)[0m
  [1m[35m (0.2ms)[0m  [1m[34mSELECT "schema_migrations"."version" FROM "schema_migrations" ORDER BY "schema_migrations"."version" ASC[0m
Migrating to AddDonorToDonations (20191111194429)
  [1m[35m (0.1ms)[0m  [1m[36mbegin transaction[0m
  [1m[35m (0.8ms)[0m  [1m[35mALTER TABLE "donations" ADD "donor" varchar[0m
  [1m[36mprimary::SchemaMigration Create (0.2ms)[0m  [1m[32mINSERT INTO "schema_migrations" ("version") VALUES (?)[0m  [["version", "20191111194429"]]
  [1m[35m (7.3ms)[0m  [1m[36mcommit transaction[0m
  [1m[36mActiveRecord::InternalMetadata Load (0.3ms)[0m  [1m[34mSELECT "ar_internal_metadata".* FROM "ar_internal_metadata" WHERE "ar_internal_metadata"."key" = ? LIMIT ?[0m  [["key", "environment"], ["LIMIT", 1]]
  [1m[35m (0.1ms)[0m  [1m[34mSELECT sqlite_version(*)[0m
  [1m[35m (0.4ms)[0m  [1m[34mSELECT "schema_migrations"."version" FROM "schema_migrations" ORDER BY "schema_migrations"."version" ASC[0m
Started GET "/donations" for ::1 at 2019-11-11 14:46:50 -0500
  [1m[35m (0.1ms)[0m  [1m[34mSELECT sqlite_version(*)[0m
  [1m[35m (0.2ms)[0m  [1m[34mSELECT "schema_migrations"."version" FROM "schema_migrations" ORDER BY "schema_migrations"."version" ASC[0m
Processing by DonationsController#index as HTML
  Rendering donations/index.html.erb within layouts/application
  [1m[36mDonation Load (0.2ms)[0m  [1m[34mSELECT "donations".* FROM "donations"[0m
  ↳ app/views/donations/index.html.erb:6
  Rendered donations/index.html.erb within layouts/application (Duration: 9.9ms | Allocations: 4051)
Completed 200 OK in 25ms (Views: 20.7ms | ActiveRecord: 1.0ms | Allocations: 8271)


Started GET "/donations/new" for ::1 at 2019-11-11 14:46:52 -0500
Processing by DonationsController#new as HTML
  Rendering donations/new.html.erb within layouts/application
  Rendered donations/new.html.erb within layouts/application (Duration: 11.8ms | Allocations: 3831)
Completed 500 Internal Server Error in 18ms (ActiveRecord: 0.0ms | Allocations: 4403)


  
ActionView::Template::Error (undefined method `lable' for #<ActionView::Helpers::FormBuilder:0x00007f8081bb3a38>
Did you mean?  label):
    1: <%= form_for @donation do |form| %>
    2:     <%= form.lable :donor %>
    3:     <%= form.text_field :donor %>
    4:     <%= form.label :amount %>
    5:     <%= form.text_field :amount %>
  
app/views/donations/new.html.erb:2
app/views/donations/new.html.erb:1
Started GET "/donations/new" for ::1 at 2019-11-11 14:47:03 -0500
Processing by DonationsController#new as HTML
  Rendering donations/new.html.erb within layouts/application
  Rendered donations/new.html.erb within layouts/application (Duration: 1.9ms | Allocations: 843)
Completed 200 OK in 16ms (Views: 14.7ms | ActiveRecord: 0.0ms | Allocations: 4780)


Started POST "/donations" for ::1 at 2019-11-11 14:47:15 -0500
Processing by DonationsController#create as HTML
  Parameters: {"authenticity_token"=>"/pMKzxAuHOUXsRTrWc37gbwvgAwvksUo/qruhjD7oNuGaRJjWMOM43lALeFifi1RXD3G3tZct7UKBQIa3T5eWQ==", "donation"=>{"donor"=>"Tanner", "amount"=>"75"}, "commit"=>"Donate"}
  [1m[35m (0.1ms)[0m  [1m[36mbegin transaction[0m
  ↳ app/controllers/donations_controller.rb:11:in `create'
  [1m[36mDonation Create (0.7ms)[0m  [1m[32mINSERT INTO "donations" ("created_at", "updated_at", "amount", "donor") VALUES (?, ?, ?, ?)[0m  [["created_at", "2019-11-11 19:47:15.316983"], ["updated_at", "2019-11-11 19:47:15.316983"], ["amount", 75], ["donor", "Tanner"]]
  ↳ app/controllers/donations_controller.rb:11:in `create'
  [1m[35m (5.9ms)[0m  [1m[36mcommit transaction[0m
  ↳ app/controllers/donations_controller.rb:11:in `create'
Redirected to http://localhost:3000/donations
Completed 302 Found in 14ms (ActiveRecord: 6.7ms | Allocations: 2439)


Started GET "/donations" for ::1 at 2019-11-11 14:47:15 -0500
Processing by DonationsController#index as HTML
  Rendering donations/index.html.erb within layouts/application
  [1m[36mDonation Load (0.2ms)[0m  [1m[34mSELECT "donations".* FROM "donations"[0m
  ↳ app/views/donations/index.html.erb:6
  Rendered donations/index.html.erb within layouts/application (Duration: 1.9ms | Allocations: 836)
Completed 200 OK in 14ms (Views: 12.1ms | ActiveRecord: 0.2ms | Allocations: 3897)


Started GET "/donations" for ::1 at 2019-11-11 14:49:32 -0500
Processing by DonationsController#index as HTML
  Rendering donations/index.html.erb within layouts/application
  [1m[36mDonation Load (0.4ms)[0m  [1m[34mSELECT "donations".* FROM "donations"[0m
  ↳ app/views/donations/index.html.erb:6
  Rendered donations/index.html.erb within layouts/application (Duration: 2.6ms | Allocations: 837)
Completed 200 OK in 21ms (Views: 18.9ms | ActiveRecord: 0.4ms | Allocations: 4728)


  [1m[35m (0.5ms)[0m  [1m[34mSELECT sqlite_version(*)[0m
  [1m[35m (0.2ms)[0m  [1m[34mSELECT "schema_migrations"."version" FROM "schema_migrations" ORDER BY "schema_migrations"."version" ASC[0m
  [1m[35m (0.2ms)[0m  [1m[34mSELECT "ar_internal_metadata"."value" FROM "ar_internal_metadata" WHERE "ar_internal_metadata"."key" = ?[0m  [["key", "environment"]]
  [1m[35m (0.1ms)[0m  [1m[34mSELECT "schema_migrations"."version" FROM "schema_migrations" ORDER BY "schema_migrations"."version" ASC[0m
  [1m[35m (0.2ms)[0m  [1m[34mSELECT "ar_internal_metadata"."value" FROM "ar_internal_metadata" WHERE "ar_internal_metadata"."key" = ?[0m  [["key", "environment"]]
  [1m[35m (0.1ms)[0m  [1m[34mSELECT "schema_migrations"."version" FROM "schema_migrations" ORDER BY "schema_migrations"."version" ASC[0m
  [1m[35m (0.1ms)[0m  [1m[34mSELECT "ar_internal_metadata"."value" FROM "ar_internal_metadata" WHERE "ar_internal_metadata"."key" = ?[0m  [["key", "environment"]]
  [1m[35m (0.1ms)[0m  [1m[34mSELECT sqlite_version(*)[0m
  [1m[35m (0.1ms)[0m  [1m[34mSELECT sqlite_version(*)[0m
  [1m[35m (0.1ms)[0m  [1m[34mSELECT sqlite_version(*)[0m
  [1m[35m (0.2ms)[0m  [1m[35mDROP TABLE IF EXISTS "donations"[0m
  [1m[35m (13.7ms)[0m  [1m[35mCREATE TABLE "donations" ("id" integer PRIMARY KEY AUTOINCREMENT NOT NULL, "created_at" datetime(6) NOT NULL, "updated_at" datetime(6) NOT NULL, "amount" integer, "donor" varchar)[0m
  [1m[35m (1.7ms)[0m  [1m[35mCREATE TABLE "schema_migrations" ("version" varchar NOT NULL PRIMARY KEY)[0m
  [1m[35m (0.1ms)[0m  [1m[34mSELECT "schema_migrations"."version" FROM "schema_migrations" ORDER BY "schema_migrations"."version" ASC[0m
  [1m[35m (1.8ms)[0m  [1m[32mINSERT INTO "schema_migrations" (version) VALUES (20191111194429)[0m
  [1m[35m (2.8ms)[0m  [1m[32mINSERT INTO "schema_migrations" (version) VALUES
(20191111192117),
(20191111193633),
(20191111193826);

[0m
  [1m[35m (2.4ms)[0m  [1m[35mCREATE TABLE "ar_internal_metadata" ("key" varchar NOT NULL PRIMARY KEY, "value" varchar, "created_at" datetime(6) NOT NULL, "updated_at" datetime(6) NOT NULL)[0m
  [1m[36mActiveRecord::InternalMetadata Load (0.3ms)[0m  [1m[34mSELECT "ar_internal_metadata".* FROM "ar_internal_metadata" WHERE "ar_internal_metadata"."key" = ? LIMIT ?[0m  [["key", "environment"], ["LIMIT", 1]]
  [1m[35m (0.1ms)[0m  [1m[36mbegin transaction[0m
  [1m[36mActiveRecord::InternalMetadata Create (0.5ms)[0m  [1m[32mINSERT INTO "ar_internal_metadata" ("key", "value", "created_at", "updated_at") VALUES (?, ?, ?, ?)[0m  [["key", "environment"], ["value", "development"], ["created_at", "2019-11-11 19:51:29.736339"], ["updated_at", "2019-11-11 19:51:29.736339"]]
  [1m[35m (1.9ms)[0m  [1m[36mcommit transaction[0m
  [1m[36mActiveRecord::InternalMetadata Load (0.2ms)[0m  [1m[34mSELECT "ar_internal_metadata".* FROM "ar_internal_metadata" WHERE "ar_internal_metadata"."key" = ? LIMIT ?[0m  [["key", "environment"], ["LIMIT", 1]]
  [1m[36mActiveRecord::InternalMetadata Load (0.2ms)[0m  [1m[34mSELECT "ar_internal_metadata".* FROM "ar_internal_metadata" WHERE "ar_internal_metadata"."key" = ? LIMIT ?[0m  [["key", "schema_sha1"], ["LIMIT", 1]]
  [1m[35m (0.1ms)[0m  [1m[36mbegin transaction[0m
  [1m[36mActiveRecord::InternalMetadata Create (0.7ms)[0m  [1m[32mINSERT INTO "ar_internal_metadata" ("key", "value", "created_at", "updated_at") VALUES (?, ?, ?, ?)[0m  [["key", "schema_sha1"], ["value", "aad8c66664d792f7d4f90e53e2be7261c266fca5"], ["created_at", "2019-11-11 19:51:29.756905"], ["updated_at", "2019-11-11 19:51:29.756905"]]
  [1m[35m (1.5ms)[0m  [1m[36mcommit transaction[0m
  [1m[35m (0.1ms)[0m  [1m[34mSELECT sqlite_version(*)[0m
  [1m[35m (0.2ms)[0m  [1m[35mDROP TABLE IF EXISTS "donations"[0m
  [1m[35m (2.0ms)[0m  [1m[35mCREATE TABLE "donations" ("id" integer PRIMARY KEY AUTOINCREMENT NOT NULL, "created_at" datetime(6) NOT NULL, "updated_at" datetime(6) NOT NULL, "amount" integer, "donor" varchar)[0m
  [1m[35m (1.9ms)[0m  [1m[35mCREATE TABLE "schema_migrations" ("version" varchar NOT NULL PRIMARY KEY)[0m
  [1m[35m (0.3ms)[0m  [1m[34mSELECT "schema_migrations"."version" FROM "schema_migrations" ORDER BY "schema_migrations"."version" ASC[0m
  [1m[35m (1.8ms)[0m  [1m[32mINSERT INTO "schema_migrations" (version) VALUES (20191111194429)[0m
  [1m[35m (1.7ms)[0m  [1m[32mINSERT INTO "schema_migrations" (version) VALUES
(20191111192117),
(20191111193633),
(20191111193826);

[0m
  [1m[35m (1.8ms)[0m  [1m[35mCREATE TABLE "ar_internal_metadata" ("key" varchar NOT NULL PRIMARY KEY, "value" varchar, "created_at" datetime(6) NOT NULL, "updated_at" datetime(6) NOT NULL)[0m
  [1m[36mActiveRecord::InternalMetadata Load (0.3ms)[0m  [1m[34mSELECT "ar_internal_metadata".* FROM "ar_internal_metadata" WHERE "ar_internal_metadata"."key" = ? LIMIT ?[0m  [["key", "environment"], ["LIMIT", 1]]
  [1m[35m (0.1ms)[0m  [1m[36mbegin transaction[0m
  [1m[36mActiveRecord::InternalMetadata Create (0.6ms)[0m  [1m[32mINSERT INTO "ar_internal_metadata" ("key", "value", "created_at", "updated_at") VALUES (?, ?, ?, ?)[0m  [["key", "environment"], ["value", "development"], ["created_at", "2019-11-11 19:51:29.821521"], ["updated_at", "2019-11-11 19:51:29.821521"]]
  [1m[35m (2.1ms)[0m  [1m[36mcommit transaction[0m
  [1m[36mActiveRecord::InternalMetadata Load (0.1ms)[0m  [1m[34mSELECT "ar_internal_metadata".* FROM "ar_internal_metadata" WHERE "ar_internal_metadata"."key" = ? LIMIT ?[0m  [["key", "environment"], ["LIMIT", 1]]
  [1m[35m (0.1ms)[0m  [1m[36mbegin transaction[0m
  [1m[36mActiveRecord::InternalMetadata Update (0.5ms)[0m  [1m[33mUPDATE "ar_internal_metadata" SET "value" = ?, "updated_at" = ? WHERE "ar_internal_metadata"."key" = ?[0m  [["value", "test"], ["updated_at", "2019-11-11 19:51:29.850429"], ["key", "environment"]]
  [1m[35m (2.4ms)[0m  [1m[36mcommit transaction[0m
  [1m[36mActiveRecord::InternalMetadata Load (0.2ms)[0m  [1m[34mSELECT "ar_internal_metadata".* FROM "ar_internal_metadata" WHERE "ar_internal_metadata"."key" = ? LIMIT ?[0m  [["key", "schema_sha1"], ["LIMIT", 1]]
  [1m[35m (0.1ms)[0m  [1m[36mbegin transaction[0m
  [1m[36mActiveRecord::InternalMetadata Create (0.7ms)[0m  [1m[32mINSERT INTO "ar_internal_metadata" ("key", "value", "created_at", "updated_at") VALUES (?, ?, ?, ?)[0m  [["key", "schema_sha1"], ["value", "aad8c66664d792f7d4f90e53e2be7261c266fca5"], ["created_at", "2019-11-11 19:51:29.865283"], ["updated_at", "2019-11-11 19:51:29.865283"]]
  [1m[35m (1.4ms)[0m  [1m[36mcommit transaction[0m
  [1m[35m (0.1ms)[0m  [1m[34mSELECT sqlite_version(*)[0m
  [1m[35m (0.2ms)[0m  [1m[34mSELECT "schema_migrations"."version" FROM "schema_migrations" ORDER BY "schema_migrations"."version" ASC[0m
  [1m[35m (0.1ms)[0m  [1m[34mSELECT sqlite_version(*)[0m
  [1m[35m (0.1ms)[0m  [1m[34mSELECT "schema_migrations"."version" FROM "schema_migrations" ORDER BY "schema_migrations"."version" ASC[0m
  [1m[36mActiveRecord::InternalMetadata Load (0.2ms)[0m  [1m[34mSELECT "ar_internal_metadata".* FROM "ar_internal_metadata" WHERE "ar_internal_metadata"."key" = ? LIMIT ?[0m  [["key", "environment"], ["LIMIT", 1]]
  [1m[35m (0.1ms)[0m  [1m[34mSELECT sqlite_version(*)[0m
  [1m[35m (0.1ms)[0m  [1m[34mSELECT "schema_migrations"."version" FROM "schema_migrations" ORDER BY "schema_migrations"."version" ASC[0m
Started GET "/donations" for ::1 at 2019-11-11 14:51:34 -0500
  [1m[35m (0.1ms)[0m  [1m[34mSELECT sqlite_version(*)[0m
Processing by DonationsController#index as HTML
  Rendering donations/index.html.erb within layouts/application
  [1m[36mDonation Load (0.3ms)[0m  [1m[34mSELECT "donations".* FROM "donations"[0m
  ↳ app/views/donations/index.html.erb:6
  Rendered donations/index.html.erb within layouts/application (Duration: 3.5ms | Allocations: 1052)
Completed 200 OK in 15ms (Views: 11.6ms | ActiveRecord: 1.0ms | Allocations: 4468)


Started GET "/" for ::1 at 2019-11-11 14:51:37 -0500
Processing by DonationsController#index as HTML
  Rendering donations/index.html.erb within layouts/application
  [1m[36mDonation Load (0.2ms)[0m  [1m[34mSELECT "donations".* FROM "donations"[0m
  ↳ app/views/donations/index.html.erb:6
  Rendered donations/index.html.erb within layouts/application (Duration: 4.5ms | Allocations: 600)
Completed 200 OK in 16ms (Views: 14.7ms | ActiveRecord: 0.2ms | Allocations: 3504)


Started GET "/" for ::1 at 2019-11-11 14:51:39 -0500
Processing by DonationsController#index as HTML
  Rendering donations/index.html.erb within layouts/application
  [1m[36mDonation Load (0.2ms)[0m  [1m[34mSELECT "donations".* FROM "donations"[0m
  ↳ app/views/donations/index.html.erb:6
  Rendered donations/index.html.erb within layouts/application (Duration: 1.2ms | Allocations: 600)
Completed 200 OK in 11ms (Views: 9.6ms | ActiveRecord: 0.2ms | Allocations: 3511)


Started GET "/" for ::1 at 2019-11-11 14:51:39 -0500
Processing by DonationsController#index as HTML
  Rendering donations/index.html.erb within layouts/application
  [1m[36mDonation Load (0.2ms)[0m  [1m[34mSELECT "donations".* FROM "donations"[0m
  ↳ app/views/donations/index.html.erb:6
  Rendered donations/index.html.erb within layouts/application (Duration: 1.3ms | Allocations: 600)
Completed 200 OK in 10ms (Views: 8.5ms | ActiveRecord: 0.2ms | Allocations: 3506)


Started GET "/static_pages/about" for ::1 at 2019-11-11 14:51:40 -0500
Processing by StaticPagesController#about as HTML
  Rendering static_pages/about.html.erb within layouts/application
  Rendered static_pages/about.html.erb within layouts/application (Duration: 0.6ms | Allocations: 113)
Completed 200 OK in 12ms (Views: 11.0ms | ActiveRecord: 0.0ms | Allocations: 3600)


Started GET "/" for ::1 at 2019-11-11 14:51:41 -0500
Processing by DonationsController#index as HTML
  Rendering donations/index.html.erb within layouts/application
  [1m[36mDonation Load (0.2ms)[0m  [1m[34mSELECT "donations".* FROM "donations"[0m
  ↳ app/views/donations/index.html.erb:6
  Rendered donations/index.html.erb within layouts/application (Duration: 1.3ms | Allocations: 605)
Completed 200 OK in 16ms (Views: 10.4ms | ActiveRecord: 0.2ms | Allocations: 3516)


Started GET "/" for ::1 at 2019-11-11 14:52:17 -0500
Processing by DonationsController#index as HTML
  Rendering donations/index.html.erb within layouts/application
  [1m[36mDonation Load (0.2ms)[0m  [1m[34mSELECT "donations".* FROM "donations"[0m
  ↳ app/views/donations/index.html.erb:6
  Rendered donations/index.html.erb within layouts/application (Duration: 1.9ms | Allocations: 806)
Completed 200 OK in 15ms (Views: 13.6ms | ActiveRecord: 0.2ms | Allocations: 4701)


Started GET "/static_pages/home" for ::1 at 2019-11-11 14:52:19 -0500
Processing by StaticPagesController#home as HTML
  Rendering static_pages/home.html.erb within layouts/application
  Rendered static_pages/home.html.erb within layouts/application (Duration: 0.5ms | Allocations: 108)
Completed 200 OK in 12ms (Views: 10.4ms | ActiveRecord: 0.0ms | Allocations: 3583)


Started GET "/static_pages/about" for ::1 at 2019-11-11 14:52:20 -0500
Processing by StaticPagesController#about as HTML
  Rendering static_pages/about.html.erb within layouts/application
  Rendered static_pages/about.html.erb within layouts/application (Duration: 0.6ms | Allocations: 104)
Completed 200 OK in 15ms (Views: 9.9ms | ActiveRecord: 0.0ms | Allocations: 3148)


Started GET "/" for ::1 at 2019-11-11 14:52:47 -0500
Processing by DonationsController#index as HTML
  Rendering donations/index.html.erb within layouts/application
  [1m[36mDonation Load (0.2ms)[0m  [1m[34mSELECT "donations".* FROM "donations"[0m
  ↳ app/views/donations/index.html.erb:6
  Rendered donations/index.html.erb within layouts/application (Duration: 1.7ms | Allocations: 796)
Completed 200 OK in 16ms (Views: 13.8ms | ActiveRecord: 0.2ms | Allocations: 4673)


Started GET "/" for ::1 at 2019-11-11 14:52:49 -0500
Processing by DonationsController#index as HTML
  Rendering donations/index.html.erb within layouts/application
  [1m[36mDonation Load (0.2ms)[0m  [1m[34mSELECT "donations".* FROM "donations"[0m
  ↳ app/views/donations/index.html.erb:6
  Rendered donations/index.html.erb within layouts/application (Duration: 1.5ms | Allocations: 605)
Completed 200 OK in 14ms (Views: 12.9ms | ActiveRecord: 0.2ms | Allocations: 3511)


Started GET "/" for ::1 at 2019-11-11 14:52:49 -0500
Processing by DonationsController#index as HTML
  Rendering donations/index.html.erb within layouts/application
  [1m[36mDonation Load (0.2ms)[0m  [1m[34mSELECT "donations".* FROM "donations"[0m
  ↳ app/views/donations/index.html.erb:6
  Rendered donations/index.html.erb within layouts/application (Duration: 1.3ms | Allocations: 600)
Completed 200 OK in 10ms (Views: 9.1ms | ActiveRecord: 0.2ms | Allocations: 3505)


Started GET "/static_pages/home" for ::1 at 2019-11-11 14:52:50 -0500
Processing by StaticPagesController#home as HTML
  Rendering static_pages/home.html.erb within layouts/application
  Rendered static_pages/home.html.erb within layouts/application (Duration: 0.9ms | Allocations: 104)
Completed 200 OK in 17ms (Views: 14.8ms | ActiveRecord: 0.0ms | Allocations: 3579)


Started GET "/" for ::1 at 2019-11-11 14:52:51 -0500
Processing by DonationsController#index as HTML
  Rendering donations/index.html.erb within layouts/application
  [1m[36mDonation Load (0.3ms)[0m  [1m[34mSELECT "donations".* FROM "donations"[0m
  ↳ app/views/donations/index.html.erb:6
  Rendered donations/index.html.erb within layouts/application (Duration: 3.7ms | Allocations: 605)
Completed 200 OK in 19ms (Views: 17.3ms | ActiveRecord: 0.3ms | Allocations: 3523)


Started GET "/static_pages/about" for ::1 at 2019-11-11 14:52:55 -0500
Processing by StaticPagesController#about as HTML
  Rendering static_pages/about.html.erb within layouts/application
  Rendered static_pages/about.html.erb within layouts/application (Duration: 0.6ms | Allocations: 104)
Completed 200 OK in 15ms (Views: 10.3ms | ActiveRecord: 0.0ms | Allocations: 3145)


Started GET "/" for ::1 at 2019-11-11 14:52:58 -0500
Processing by DonationsController#index as HTML
  Rendering donations/index.html.erb within layouts/application
  [1m[36mDonation Load (0.4ms)[0m  [1m[34mSELECT "donations".* FROM "donations"[0m
  ↳ app/views/donations/index.html.erb:6
  Rendered donations/index.html.erb within layouts/application (Duration: 2.9ms | Allocations: 605)
Completed 200 OK in 22ms (Views: 20.1ms | ActiveRecord: 0.4ms | Allocations: 3519)


Started GET "/donations/new" for ::1 at 2019-11-11 14:55:55 -0500
Processing by DonationsController#new as HTML
  Rendering donations/new.html.erb within layouts/application
  Rendered donations/new.html.erb within layouts/application (Duration: 4.3ms | Allocations: 847)
Completed 200 OK in 24ms (Views: 13.1ms | ActiveRecord: 0.9ms | Allocations: 6757)


Started GET "/donations/new" for ::1 at 2019-11-11 14:56:41 -0500
Processing by DonationsController#new as HTML
  Rendering donations/new.html.erb within layouts/application
  Rendered donations/new.html.erb within layouts/application (Duration: 1.8ms | Allocations: 822)
Completed 200 OK in 16ms (Views: 14.1ms | ActiveRecord: 0.0ms | Allocations: 4712)


Started GET "/static_pages/about" for ::1 at 2019-11-11 14:56:43 -0500
Processing by StaticPagesController#about as HTML
  Rendering static_pages/about.html.erb within layouts/application
  Rendered static_pages/about.html.erb within layouts/application (Duration: 0.5ms | Allocations: 104)
Completed 200 OK in 14ms (Views: 12.6ms | ActiveRecord: 0.0ms | Allocations: 3581)


Started GET "/" for ::1 at 2019-11-11 14:56:44 -0500
Processing by DonationsController#index as HTML
  Rendering donations/index.html.erb within layouts/application
  [1m[36mDonation Load (0.3ms)[0m  [1m[34mSELECT "donations".* FROM "donations"[0m
  ↳ app/views/donations/index.html.erb:6
  Rendered donations/index.html.erb within layouts/application (Duration: 2.0ms | Allocations: 804)
Completed 200 OK in 27ms (Views: 25.5ms | ActiveRecord: 0.3ms | Allocations: 3859)


Started GET "/donations/new" for ::1 at 2019-11-11 14:56:45 -0500
Processing by DonationsController#new as HTML
  Rendering donations/new.html.erb within layouts/application
  Rendered donations/new.html.erb within layouts/application (Duration: 2.9ms | Allocations: 596)
Completed 200 OK in 17ms (Views: 13.0ms | ActiveRecord: 0.0ms | Allocations: 3511)


Started GET "/" for ::1 at 2019-11-11 14:59:15 -0500
Processing by DonationsController#index as HTML
  Rendering donations/index.html.erb within layouts/application
  [1m[36mDonation Load (0.2ms)[0m  [1m[34mSELECT "donations".* FROM "donations"[0m
  ↳ app/views/donations/index.html.erb:6
  Rendered donations/index.html.erb within layouts/application (Duration: 5.1ms | Allocations: 811)
Completed 200 OK in 75ms (Views: 73.4ms | ActiveRecord: 0.2ms | Allocations: 4699)


Started GET "/static_pages/home" for ::1 at 2019-11-11 14:59:43 -0500
Processing by StaticPagesController#home as HTML
  Rendering static_pages/home.html.erb within layouts/application
  Rendered static_pages/home.html.erb within layouts/application (Duration: 5.7ms | Allocations: 108)
Completed 200 OK in 20ms (Views: 19.1ms | ActiveRecord: 0.0ms | Allocations: 3581)


Started GET "/static_pages/about" for ::1 at 2019-11-11 14:59:56 -0500
Processing by StaticPagesController#about as HTML
  Rendering static_pages/about.html.erb within layouts/application
  Rendered static_pages/about.html.erb within layouts/application (Duration: 9.0ms | Allocations: 104)
Completed 200 OK in 23ms (Views: 21.2ms | ActiveRecord: 0.0ms | Allocations: 3151)


Started GET "/" for ::1 at 2019-11-11 15:00:26 -0500
Processing by DonationsController#index as HTML
  Rendering donations/index.html.erb within layouts/application
  [1m[36mDonation Load (0.6ms)[0m  [1m[34mSELECT "donations".* FROM "donations"[0m
  ↳ app/views/donations/index.html.erb:6
  Rendered donations/index.html.erb within layouts/application (Duration: 2.9ms | Allocations: 605)
Completed 200 OK in 24ms (Views: 21.4ms | ActiveRecord: 0.6ms | Allocations: 3521)


Started GET "/" for ::1 at 2019-11-11 15:00:31 -0500
Processing by DonationsController#index as HTML
  Rendering donations/index.html.erb within layouts/application
  [1m[36mDonation Load (0.3ms)[0m  [1m[34mSELECT "donations".* FROM "donations"[0m
  ↳ app/views/donations/index.html.erb:6
  Rendered donations/index.html.erb within layouts/application (Duration: 1.7ms | Allocations: 610)
Completed 200 OK in 10ms (Views: 8.2ms | ActiveRecord: 0.3ms | Allocations: 3525)


Started GET "/donations" for ::1 at 2019-11-11 15:00:33 -0500
Processing by DonationsController#index as HTML
  Rendering donations/index.html.erb within layouts/application
  [1m[36mDonation Load (0.2ms)[0m  [1m[34mSELECT "donations".* FROM "donations"[0m
  ↳ app/views/donations/index.html.erb:6
  Rendered donations/index.html.erb within layouts/application (Duration: 1.3ms | Allocations: 600)
Completed 200 OK in 9ms (Views: 7.9ms | ActiveRecord: 0.2ms | Allocations: 3507)


Started GET "/donations" for ::1 at 2019-11-11 15:00:34 -0500
Processing by DonationsController#index as HTML
  Rendering donations/index.html.erb within layouts/application
  [1m[36mDonation Load (0.2ms)[0m  [1m[34mSELECT "donations".* FROM "donations"[0m
  ↳ app/views/donations/index.html.erb:6
  Rendered donations/index.html.erb within layouts/application (Duration: 1.1ms | Allocations: 600)
Completed 200 OK in 13ms (Views: 12.0ms | ActiveRecord: 0.2ms | Allocations: 3511)


Started GET "/static_pages/home" for ::1 at 2019-11-11 15:01:16 -0500
  [1m[35m (0.2ms)[0m  [1m[34mSELECT sqlite_version(*)[0m
Processing by StaticPagesController#home as HTML
  Rendering static_pages/home.html.erb within layouts/application
  Rendered static_pages/home.html.erb within layouts/application (Duration: 0.1ms | Allocations: 8)
Completed 200 OK in 51ms (Views: 50.5ms | ActiveRecord: 0.0ms | Allocations: 3067)


Started GET "/static_pages/home" for ::1 at 2019-11-11 15:01:16 -0500
Processing by StaticPagesController#home as HTML
  Rendering static_pages/home.html.erb within layouts/application
  Rendered static_pages/home.html.erb within layouts/application (Duration: 0.1ms | Allocations: 7)
Completed 200 OK in 17ms (Views: 16.2ms | ActiveRecord: 0.0ms | Allocations: 2912)


Started GET "/static_pages/home" for ::1 at 2019-11-11 15:01:40 -0500
Processing by StaticPagesController#home as HTML
  Rendering static_pages/home.html.erb within layouts/application
  Rendered static_pages/home.html.erb within layouts/application (Duration: 0.4ms | Allocations: 104)
Completed 200 OK in 13ms (Views: 11.1ms | ActiveRecord: 0.0ms | Allocations: 3969)


Started GET "/" for ::1 at 2019-11-11 15:01:42 -0500
Processing by StaticPagesController#home as HTML
  Rendering static_pages/home.html.erb within layouts/application
  Rendered static_pages/home.html.erb within layouts/application (Duration: 0.1ms | Allocations: 7)
Completed 200 OK in 9ms (Views: 7.8ms | ActiveRecord: 0.0ms | Allocations: 2908)


Started GET "/static_pages/about" for ::1 at 2019-11-11 15:01:47 -0500
Processing by StaticPagesController#about as HTML
  Rendering static_pages/about.html.erb within layouts/application
  Rendered static_pages/about.html.erb within layouts/application (Duration: 0.4ms | Allocations: 104)
Completed 200 OK in 13ms (Views: 11.1ms | ActiveRecord: 0.0ms | Allocations: 3147)


  [1m[35m (1.2ms)[0m  [1m[34mSELECT sqlite_version(*)[0m
  [1m[35m (0.5ms)[0m  [1m[34mSELECT "schema_migrations"."version" FROM "schema_migrations" ORDER BY "schema_migrations"."version" ASC[0m
Migrating to CreateStudents (20191111205359)
  [1m[35m (0.1ms)[0m  [1m[36mbegin transaction[0m
  [1m[35m (0.7ms)[0m  [1m[35mCREATE TABLE "students" ("id" integer PRIMARY KEY AUTOINCREMENT NOT NULL, "name" varchar, "goal" float, "created_at" datetime(6) NOT NULL, "updated_at" datetime(6) NOT NULL)[0m
  [1m[36mprimary::SchemaMigration Create (0.6ms)[0m  [1m[32mINSERT INTO "schema_migrations" ("version") VALUES (?)[0m  [["version", "20191111205359"]]
  [1m[35m (2.2ms)[0m  [1m[36mcommit transaction[0m
Migrating to ChangeDataTypeForAmount (20191111205743)
  [1m[35m (0.1ms)[0m  [1m[36mbegin transaction[0m
  [1m[35m (0.1ms)[0m  [1m[35mPRAGMA foreign_keys[0m
  [1m[35m (0.1ms)[0m  [1m[35mPRAGMA defer_foreign_keys[0m
  [1m[35m (0.1ms)[0m  [1m[35mPRAGMA defer_foreign_keys = ON[0m
  [1m[35m (0.2ms)[0m  [1m[35mPRAGMA foreign_keys = OFF[0m
  [1m[35m (0.2ms)[0m  [1m[35mCREATE TEMPORARY TABLE "adonations" ("id" integer NOT NULL PRIMARY KEY, "created_at" datetime(6) NOT NULL, "updated_at" datetime(6) NOT NULL, "amount" integer DEFAULT NULL, "donor" varchar DEFAULT NULL)[0m
  [1m[35m (0.4ms)[0m  [1m[32mINSERT INTO "adonations" ("id","created_at","updated_at","amount","donor")
                     SELECT "id","created_at","updated_at","amount","donor" FROM "donations"[0m
  [1m[35m (0.8ms)[0m  [1m[35mDROP TABLE "donations"[0m
  [1m[35m (0.1ms)[0m  [1m[35mCREATE TABLE "donations" ("id" integer NOT NULL PRIMARY KEY, "created_at" datetime(6) NOT NULL, "updated_at" datetime(6) NOT NULL, "amount" float DEFAULT NULL, "donor" varchar DEFAULT NULL)[0m
  [1m[35m (0.1ms)[0m  [1m[32mINSERT INTO "donations" ("id","created_at","updated_at","amount","donor")
                     SELECT "id","created_at","updated_at","amount","donor" FROM "adonations"[0m
  [1m[35m (0.1ms)[0m  [1m[35mDROP TABLE "adonations"[0m
  [1m[35m (0.1ms)[0m  [1m[35mPRAGMA defer_foreign_keys = 0[0m
  [1m[35m (0.1ms)[0m  [1m[35mPRAGMA foreign_keys = 1[0m
  [1m[36mprimary::SchemaMigration Create (0.3ms)[0m  [1m[32mINSERT INTO "schema_migrations" ("version") VALUES (?)[0m  [["version", "20191111205743"]]
  [1m[35m (1.8ms)[0m  [1m[36mcommit transaction[0m
  [1m[36mActiveRecord::InternalMetadata Load (0.8ms)[0m  [1m[34mSELECT "ar_internal_metadata".* FROM "ar_internal_metadata" WHERE "ar_internal_metadata"."key" = ? LIMIT ?[0m  [["key", "environment"], ["LIMIT", 1]]
  [1m[35m (0.1ms)[0m  [1m[34mSELECT sqlite_version(*)[0m
  [1m[35m (0.2ms)[0m  [1m[34mSELECT "schema_migrations"."version" FROM "schema_migrations" ORDER BY "schema_migrations"."version" ASC[0m
Started GET "/" for ::1 at 2019-11-11 16:12:48 -0500
  [1m[35m (0.6ms)[0m  [1m[34mSELECT sqlite_version(*)[0m
  [1m[35m (0.2ms)[0m  [1m[34mSELECT "schema_migrations"."version" FROM "schema_migrations" ORDER BY "schema_migrations"."version" ASC[0m
Processing by StaticPagesController#home as HTML
  Rendering static_pages/home.html.erb within layouts/application
  Rendered static_pages/home.html.erb within layouts/application (Duration: 2.1ms | Allocations: 232)
Completed 200 OK in 76ms (Views: 68.3ms | ActiveRecord: 0.0ms | Allocations: 6552)


Started GET "/students" for ::1 at 2019-11-11 16:12:51 -0500
Processing by StudentsController#index as HTML
  Rendering students/index.html.erb within layouts/application
  [1m[36mStudent Load (0.5ms)[0m  [1m[34mSELECT "students".* FROM "students"[0m
  ↳ app/views/students/index.html.erb:6
  Rendered students/index.html.erb within layouts/application (Duration: 5.7ms | Allocations: 1221)
Completed 200 OK in 19ms (Views: 13.4ms | ActiveRecord: 1.2ms | Allocations: 5050)


Started GET "/students/new" for ::1 at 2019-11-11 16:12:52 -0500
Processing by StudentsController#new as HTML
  Rendering students/new.html.erb within layouts/application
  Rendered students/new.html.erb within layouts/application (Duration: 8.0ms | Allocations: 2324)
Completed 200 OK in 58ms (Views: 38.3ms | ActiveRecord: 2.2ms | Allocations: 8445)


Started GET "/students/new" for ::1 at 2019-11-11 16:13:27 -0500
Processing by StudentsController#new as HTML
  Rendering students/new.html.erb within layouts/application
  Rendered students/new.html.erb within layouts/application (Duration: 2.0ms | Allocations: 829)
Completed 200 OK in 15ms (Views: 13.1ms | ActiveRecord: 0.0ms | Allocations: 4724)


Started GET "/students" for ::1 at 2019-11-11 16:17:40 -0500
Processing by StudentsController#index as HTML
  Rendering students/index.html.erb within layouts/application
  [1m[36mStudent Load (0.2ms)[0m  [1m[34mSELECT "students".* FROM "students"[0m
  ↳ app/views/students/index.html.erb:6
  Rendered students/index.html.erb within layouts/application (Duration: 3.8ms | Allocations: 806)
Completed 200 OK in 28ms (Views: 26.3ms | ActiveRecord: 0.2ms | Allocations: 4691)


Started GET "/students/new" for ::1 at 2019-11-11 16:17:48 -0500
Processing by StudentsController#new as HTML
  Rendering students/new.html.erb within layouts/application
  Rendered students/new.html.erb within layouts/application (Duration: 4.0ms | Allocations: 789)
Completed 200 OK in 24ms (Views: 20.4ms | ActiveRecord: 0.0ms | Allocations: 3850)


Started GET "/students" for ::1 at 2019-11-11 16:19:20 -0500
Processing by StudentsController#index as HTML
  Rendering students/index.html.erb within layouts/application
  [1m[36mStudent Load (0.2ms)[0m  [1m[34mSELECT "students".* FROM "students"[0m
  ↳ app/views/students/index.html.erb:6
  Rendered students/index.html.erb within layouts/application (Duration: 1.4ms | Allocations: 611)
Completed 200 OK in 10ms (Views: 8.5ms | ActiveRecord: 0.2ms | Allocations: 3530)


Started GET "/donations" for ::1 at 2019-11-11 16:19:21 -0500
Processing by DonationsController#index as HTML
  Rendering donations/index.html.erb within layouts/application
  [1m[36mDonation Load (0.2ms)[0m  [1m[34mSELECT "donations".* FROM "donations"[0m
  ↳ app/views/donations/index.html.erb:6
  Rendered donations/index.html.erb within layouts/application (Duration: 2.9ms | Allocations: 1092)
Completed 200 OK in 16ms (Views: 12.9ms | ActiveRecord: 0.6ms | Allocations: 4758)


Started GET "/" for ::1 at 2019-11-11 16:19:24 -0500
Processing by StaticPagesController#home as HTML
  Rendering static_pages/home.html.erb within layouts/application
  Rendered static_pages/home.html.erb within layouts/application (Duration: 0.5ms | Allocations: 104)
Completed 200 OK in 13ms (Views: 11.5ms | ActiveRecord: 0.0ms | Allocations: 3584)


Started GET "/static_pages/about" for ::1 at 2019-11-11 16:19:24 -0500
Processing by StaticPagesController#about as HTML
  Rendering static_pages/about.html.erb within layouts/application
  Rendered static_pages/about.html.erb within layouts/application (Duration: 0.4ms | Allocations: 108)
Completed 200 OK in 9ms (Views: 8.1ms | ActiveRecord: 0.0ms | Allocations: 3154)


  [1m[35m (0.5ms)[0m  [1m[34mSELECT sqlite_version(*)[0m
  [1m[35m (0.2ms)[0m  [1m[34mSELECT "schema_migrations"."version" FROM "schema_migrations" ORDER BY "schema_migrations"."version" ASC[0m
Migrating to AddStudentToDonation (20191111212318)
  [1m[35m (0.1ms)[0m  [1m[36mbegin transaction[0m
  [1m[35m (0.3ms)[0m  [1m[35mALTER TABLE "donations" ADD "student_id" integer NOT NULL[0m
  [1m[35m (0.1ms)[0m  [1m[31mrollback transaction[0m
  [1m[35m (0.5ms)[0m  [1m[34mSELECT sqlite_version(*)[0m
  [1m[35m (0.2ms)[0m  [1m[34mSELECT "schema_migrations"."version" FROM "schema_migrations" ORDER BY "schema_migrations"."version" ASC[0m
Migrating to AddDonationsAssociationToStudent (20191111212834)
  [1m[35m (0.1ms)[0m  [1m[36mbegin transaction[0m
  [1m[35m (0.9ms)[0m  [1m[35mALTER TABLE "donations" ADD "student_id" integer[0m
  [1m[35m (0.2ms)[0m  [1m[35mCREATE  INDEX "index_student_id" ON "donations" ("student_id")[0m
  [1m[36mprimary::SchemaMigration Create (0.3ms)[0m  [1m[32mINSERT INTO "schema_migrations" ("version") VALUES (?)[0m  [["version", "20191111212834"]]
  [1m[35m (1.6ms)[0m  [1m[36mcommit transaction[0m
  [1m[36mActiveRecord::InternalMetadata Load (0.3ms)[0m  [1m[34mSELECT "ar_internal_metadata".* FROM "ar_internal_metadata" WHERE "ar_internal_metadata"."key" = ? LIMIT ?[0m  [["key", "environment"], ["LIMIT", 1]]
  [1m[35m (0.1ms)[0m  [1m[34mSELECT sqlite_version(*)[0m
  [1m[35m (0.4ms)[0m  [1m[34mSELECT "schema_migrations"."version" FROM "schema_migrations" ORDER BY "schema_migrations"."version" ASC[0m
Started GET "/static_pages/about" for ::1 at 2019-11-11 16:31:35 -0500
  [1m[35m (0.1ms)[0m  [1m[34mSELECT sqlite_version(*)[0m
  [1m[35m (0.2ms)[0m  [1m[34mSELECT "schema_migrations"."version" FROM "schema_migrations" ORDER BY "schema_migrations"."version" ASC[0m
Processing by StaticPagesController#about as HTML
  Rendering static_pages/about.html.erb within layouts/application
  Rendered static_pages/about.html.erb within layouts/application (Duration: 0.1ms | Allocations: 8)
Completed 200 OK in 8ms (Views: 7.3ms | ActiveRecord: 0.0ms | Allocations: 3071)


Started GET "/donations" for ::1 at 2019-11-11 16:31:37 -0500
Processing by DonationsController#index as HTML
  Rendering donations/index.html.erb within layouts/application
  [1m[36mDonation Load (0.2ms)[0m  [1m[34mSELECT "donations".* FROM "donations"[0m
  ↳ app/views/donations/index.html.erb:6
  Rendered donations/index.html.erb within layouts/application (Duration: 1.7ms | Allocations: 831)
Completed 200 OK in 15ms (Views: 9.8ms | ActiveRecord: 0.2ms | Allocations: 4756)


Started GET "/donations/new" for ::1 at 2019-11-11 16:31:38 -0500
Processing by DonationsController#new as HTML
  Rendering donations/new.html.erb within layouts/application
  Rendered donations/new.html.erb within layouts/application (Duration: 3.2ms | Allocations: 913)
Completed 200 OK in 22ms (Views: 10.9ms | ActiveRecord: 0.6ms | Allocations: 6842)


Started POST "/donations" for ::1 at 2019-11-11 16:31:47 -0500
Processing by DonationsController#create as HTML
  Parameters: {"authenticity_token"=>"ODuMokpIeGOOncFxmIbmd0r8g3QZgdJr2Pp4/BmUQow+9FL36p5zOFV9nIMc4KLn2gKbIXYHwCDztr1a7sy43A==", "donation"=>{"donor"=>"Grandpa", "amount"=>"50"}, "commit"=>"Submit"}
Redirected to http://localhost:3000/donations
Completed 302 Found in 10ms (ActiveRecord: 0.0ms | Allocations: 2763)


Started GET "/donations" for ::1 at 2019-11-11 16:31:47 -0500
Processing by DonationsController#index as HTML
  Rendering donations/index.html.erb within layouts/application
  [1m[36mDonation Load (0.2ms)[0m  [1m[34mSELECT "donations".* FROM "donations"[0m
  ↳ app/views/donations/index.html.erb:6
  Rendered donations/index.html.erb within layouts/application (Duration: 1.2ms | Allocations: 601)
Completed 200 OK in 9ms (Views: 8.1ms | ActiveRecord: 0.2ms | Allocations: 3508)


Started GET "/donations" for ::1 at 2019-11-11 16:33:27 -0500
  [1m[35m (0.1ms)[0m  [1m[34mSELECT sqlite_version(*)[0m
Processing by DonationsController#index as HTML
  Rendering donations/index.html.erb within layouts/application
  [1m[36mDonation Load (0.4ms)[0m  [1m[34mSELECT "donations".* FROM "donations"[0m
  ↳ app/views/donations/index.html.erb:6
  Rendered donations/index.html.erb within layouts/application (Duration: 5.8ms | Allocations: 1311)
Completed 200 OK in 20ms (Views: 14.5ms | ActiveRecord: 0.9ms | Allocations: 5754)


Started GET "/donations/new" for ::1 at 2019-11-11 16:33:29 -0500
Processing by DonationsController#new as HTML
  Rendering donations/new.html.erb within layouts/application
  Rendered donations/new.html.erb within layouts/application (Duration: 3.0ms | Allocations: 1100)
Completed 200 OK in 31ms (Views: 11.2ms | ActiveRecord: 0.8ms | Allocations: 7547)


Started GET "/" for ::1 at 2019-11-11 16:35:35 -0500
Processing by StaticPagesController#home as HTML
  Rendering static_pages/home.html.erb within layouts/application
  Rendered static_pages/home.html.erb within layouts/application (Duration: 0.6ms | Allocations: 105)
Completed 200 OK in 10ms (Views: 9.0ms | ActiveRecord: 0.0ms | Allocations: 3589)


Started GET "/static_pages/about" for ::1 at 2019-11-11 16:35:36 -0500
Processing by StaticPagesController#about as HTML
  Rendering static_pages/about.html.erb within layouts/application
  Rendered static_pages/about.html.erb within layouts/application (Duration: 0.5ms | Allocations: 104)
Completed 200 OK in 11ms (Views: 9.1ms | ActiveRecord: 0.0ms | Allocations: 3155)


Started GET "/donations" for ::1 at 2019-11-11 16:35:37 -0500
Processing by DonationsController#index as HTML
  Rendering donations/index.html.erb within layouts/application
  [1m[36mDonation Load (0.3ms)[0m  [1m[34mSELECT "donations".* FROM "donations"[0m
  ↳ app/views/donations/index.html.erb:6
  Rendered donations/index.html.erb within layouts/application (Duration: 22.3ms | Allocations: 613)
Completed 200 OK in 33ms (Views: 30.1ms | ActiveRecord: 0.3ms | Allocations: 3534)


Started GET "/students" for ::1 at 2019-11-11 16:35:38 -0500
Processing by StudentsController#index as HTML
  Rendering students/index.html.erb within layouts/application
  [1m[36mStudent Load (0.3ms)[0m  [1m[34mSELECT "students".* FROM "students"[0m
  ↳ app/views/students/index.html.erb:6
  Rendered students/index.html.erb within layouts/application (Duration: 3.3ms | Allocations: 1071)
Completed 200 OK in 16ms (Views: 10.6ms | ActiveRecord: 0.9ms | Allocations: 5239)


Started GET "/students" for ::1 at 2019-11-11 16:35:39 -0500
Processing by StudentsController#index as HTML
  Rendering students/index.html.erb within layouts/application
  [1m[36mStudent Load (0.2ms)[0m  [1m[34mSELECT "students".* FROM "students"[0m
  ↳ app/views/students/index.html.erb:6
  Rendered students/index.html.erb within layouts/application (Duration: 1.2ms | Allocations: 600)
Completed 200 OK in 8ms (Views: 7.3ms | ActiveRecord: 0.2ms | Allocations: 3513)


Started GET "/donations" for ::1 at 2019-11-11 16:35:40 -0500
Processing by DonationsController#index as HTML
  Rendering donations/index.html.erb within layouts/application
  [1m[36mDonation Load (0.9ms)[0m  [1m[34mSELECT "donations".* FROM "donations"[0m
  ↳ app/views/donations/index.html.erb:6
  Rendered donations/index.html.erb within layouts/application (Duration: 3.3ms | Allocations: 605)
Completed 200 OK in 14ms (Views: 12.3ms | ActiveRecord: 0.9ms | Allocations: 3517)


Started GET "/donations" for ::1 at 2019-11-11 16:35:40 -0500
Processing by DonationsController#index as HTML
  Rendering donations/index.html.erb within layouts/application
  [1m[36mDonation Load (0.2ms)[0m  [1m[34mSELECT "donations".* FROM "donations"[0m
  ↳ app/views/donations/index.html.erb:6
  Rendered donations/index.html.erb within layouts/application (Duration: 1.2ms | Allocations: 600)
Completed 200 OK in 9ms (Views: 7.1ms | ActiveRecord: 0.2ms | Allocations: 3504)


Started GET "/" for ::1 at 2019-11-11 20:01:13 -0500
  [1m[35m (0.6ms)[0m  [1m[34mSELECT sqlite_version(*)[0m
  [1m[35m (0.4ms)[0m  [1m[34mSELECT "schema_migrations"."version" FROM "schema_migrations" ORDER BY "schema_migrations"."version" ASC[0m
Processing by StaticPagesController#home as HTML
  Rendering static_pages/home.html.erb within layouts/application
  Rendered static_pages/home.html.erb within layouts/application (Duration: 1.0ms | Allocations: 232)
Completed 200 OK in 110ms (Views: 100.9ms | ActiveRecord: 0.0ms | Allocations: 6548)


Started GET "/static_pages/about" for ::1 at 2019-11-11 20:01:17 -0500
Processing by StaticPagesController#about as HTML
  Rendering static_pages/about.html.erb within layouts/application
  Rendered static_pages/about.html.erb within layouts/application (Duration: 0.5ms | Allocations: 108)
Completed 200 OK in 11ms (Views: 8.9ms | ActiveRecord: 0.0ms | Allocations: 3153)


Started GET "/donations" for ::1 at 2019-11-11 20:01:19 -0500
Processing by DonationsController#index as HTML
  Rendering donations/index.html.erb within layouts/application
  [1m[36mDonation Load (0.3ms)[0m  [1m[34mSELECT "donations".* FROM "donations"[0m
  ↳ app/views/donations/index.html.erb:6
  Rendered donations/index.html.erb within layouts/application (Duration: 4.0ms | Allocations: 1261)
Completed 200 OK in 22ms (Views: 14.1ms | ActiveRecord: 0.7ms | Allocations: 5624)


Started GET "/students" for ::1 at 2019-11-11 20:01:24 -0500
Processing by StudentsController#index as HTML
  Rendering students/index.html.erb within layouts/application
  [1m[36mStudent Load (0.5ms)[0m  [1m[34mSELECT "students".* FROM "students"[0m
  ↳ app/views/students/index.html.erb:6
  Rendered students/index.html.erb within layouts/application (Duration: 7.7ms | Allocations: 1085)
Completed 200 OK in 45ms (Views: 18.6ms | ActiveRecord: 0.9ms | Allocations: 5519)


Started GET "/students/new" for ::1 at 2019-11-11 20:01:26 -0500
Processing by StudentsController#new as HTML
  Rendering students/new.html.erb within layouts/application
  Rendered students/new.html.erb within layouts/application (Duration: 6.5ms | Allocations: 2324)
Completed 200 OK in 23ms (Views: 14.9ms | ActiveRecord: 0.6ms | Allocations: 8433)


Started POST "/students" for ::1 at 2019-11-11 20:01:36 -0500
Processing by StudentsController#create as HTML
  Parameters: {"authenticity_token"=>"Bhpq0eZk+i9dd6fgNZE+js6hBrsLOulGP67bPiCQ25BghOKFcJ/WlnPOMzLQ7Led6Aj7bcnqHNxo7hsIFzeCJg==", "student"=>{"name"=>"Bill", "goal"=>"500"}, "commit"=>"Submit"}
  [1m[35m (0.1ms)[0m  [1m[36mbegin transaction[0m
  ↳ app/controllers/students_controller.rb:11:in `create'
  [1m[36mStudent Create (28.0ms)[0m  [1m[32mINSERT INTO "students" ("name", "goal", "created_at", "updated_at") VALUES (?, ?, ?, ?)[0m  [["name", "Bill"], ["goal", 500.0], ["created_at", "2019-11-12 01:01:36.799769"], ["updated_at", "2019-11-12 01:01:36.799769"]]
  ↳ app/controllers/students_controller.rb:11:in `create'
  [1m[35m (2.0ms)[0m  [1m[36mcommit transaction[0m
  ↳ app/controllers/students_controller.rb:11:in `create'
Redirected to http://localhost:3000/students
Completed 302 Found in 44ms (ActiveRecord: 30.1ms | Allocations: 2755)


Started GET "/students" for ::1 at 2019-11-11 20:01:36 -0500
Processing by StudentsController#index as HTML
  Rendering students/index.html.erb within layouts/application
  [1m[36mStudent Load (0.2ms)[0m  [1m[34mSELECT "students".* FROM "students"[0m
  ↳ app/views/students/index.html.erb:6
  Rendered students/index.html.erb within layouts/application (Duration: 3.0ms | Allocations: 628)
Completed 200 OK in 28ms (Views: 26.6ms | ActiveRecord: 0.2ms | Allocations: 3534)


Started GET "/donations" for ::1 at 2019-11-11 20:01:41 -0500
Processing by DonationsController#index as HTML
  Rendering donations/index.html.erb within layouts/application
  [1m[36mDonation Load (0.2ms)[0m  [1m[34mSELECT "donations".* FROM "donations"[0m
  ↳ app/views/donations/index.html.erb:6
  Rendered donations/index.html.erb within layouts/application (Duration: 2.1ms | Allocations: 608)
Completed 200 OK in 18ms (Views: 15.5ms | ActiveRecord: 0.2ms | Allocations: 3519)


Started GET "/donations/new" for ::1 at 2019-11-11 20:01:42 -0500
Processing by DonationsController#new as HTML
  Rendering donations/new.html.erb within layouts/application
  Rendered donations/new.html.erb within layouts/application (Duration: 3.9ms | Allocations: 1169)
Completed 200 OK in 48ms (Views: 11.7ms | ActiveRecord: 0.5ms | Allocations: 7675)


Started POST "/donations" for ::1 at 2019-11-11 20:01:53 -0500
Processing by DonationsController#create as HTML
  Parameters: {"authenticity_token"=>"EwSEnPQLrCWL0TRjBUzqoWIrJYyNVCsN4bzoVekR19sVy1rJVN2nflAxaZGBKq4x8tU92eLSOUbK8C3zHkktiw==", "donation"=>{"student_id"=>"1", "donor"=>"Grandpa", "amount"=>"50"}, "commit"=>"Submit"}
  [1m[35m (0.1ms)[0m  [1m[36mbegin transaction[0m
  ↳ app/controllers/donations_controller.rb:11:in `create'
  [1m[36mStudent Load (0.4ms)[0m  [1m[34mSELECT "students".* FROM "students" WHERE "students"."id" = ? LIMIT ?[0m  [["id", 1], ["LIMIT", 1]]
  ↳ app/controllers/donations_controller.rb:11:in `create'
  [1m[36mDonation Create (7.7ms)[0m  [1m[32mINSERT INTO "donations" ("created_at", "updated_at", "amount", "donor", "student_id") VALUES (?, ?, ?, ?, ?)[0m  [["created_at", "2019-11-12 01:01:53.825763"], ["updated_at", "2019-11-12 01:01:53.825763"], ["amount", 50.0], ["donor", "Grandpa"], ["student_id", 1]]
  ↳ app/controllers/donations_controller.rb:11:in `create'
  [1m[35m (2.0ms)[0m  [1m[36mcommit transaction[0m
  ↳ app/controllers/donations_controller.rb:11:in `create'
Redirected to http://localhost:3000/donations
Completed 302 Found in 41ms (ActiveRecord: 10.1ms | Allocations: 5241)


Started GET "/donations" for ::1 at 2019-11-11 20:01:53 -0500
Processing by DonationsController#index as HTML
  Rendering donations/index.html.erb within layouts/application
  [1m[36mDonation Load (0.3ms)[0m  [1m[34mSELECT "donations".* FROM "donations"[0m
  ↳ app/views/donations/index.html.erb:6
  Rendered donations/index.html.erb within layouts/application (Duration: 2.9ms | Allocations: 625)
Completed 200 OK in 17ms (Views: 15.5ms | ActiveRecord: 0.3ms | Allocations: 3534)


Started GET "/" for ::1 at 2019-11-11 20:02:56 -0500
Processing by StaticPagesController#home as HTML
  Rendering static_pages/home.html.erb within layouts/application
  Rendered static_pages/home.html.erb within layouts/application (Duration: 0.1ms | Allocations: 8)
Completed 200 OK in 85ms (Views: 84.2ms | ActiveRecord: 0.0ms | Allocations: 2923)


Started GET "/donations" for ::1 at 2019-11-11 20:02:59 -0500
Processing by DonationsController#index as HTML
  Rendering donations/index.html.erb within layouts/application
  [1m[36mDonation Load (0.2ms)[0m  [1m[34mSELECT "donations".* FROM "donations"[0m
  ↳ app/views/donations/index.html.erb:6
  Rendered donations/index.html.erb within layouts/application (Duration: 3.1ms | Allocations: 624)
Completed 200 OK in 22ms (Views: 20.8ms | ActiveRecord: 0.2ms | Allocations: 3543)


Started GET "/donations" for ::1 at 2019-11-11 20:08:52 -0500
  [1m[35m (0.1ms)[0m  [1m[34mSELECT sqlite_version(*)[0m
Processing by DonationsController#index as HTML
  Rendering donations/index.html.erb within layouts/application
  [1m[36mDonation Load (0.4ms)[0m  [1m[34mSELECT "donations".* FROM "donations"[0m
  ↳ app/views/donations/index.html.erb:6
  Rendered donations/index.html.erb within layouts/application (Duration: 10.1ms | Allocations: 4147)
Completed 200 OK in 22ms (Views: 18.5ms | ActiveRecord: 0.4ms | Allocations: 7760)


Started GET "/donations" for ::1 at 2019-11-11 20:08:55 -0500
Processing by DonationsController#index as HTML
  Rendering donations/index.html.erb within layouts/application
  [1m[36mDonation Load (0.3ms)[0m  [1m[34mSELECT "donations".* FROM "donations"[0m
  ↳ app/views/donations/index.html.erb:6
  Rendered donations/index.html.erb within layouts/application (Duration: 2.5ms | Allocations: 614)
Completed 200 OK in 12ms (Views: 10.4ms | ActiveRecord: 0.3ms | Allocations: 3500)


Started GET "/" for ::1 at 2019-11-11 20:08:56 -0500
Processing by StaticPagesController#home as HTML
  Rendering static_pages/home.html.erb within layouts/application
  Rendered static_pages/home.html.erb within layouts/application (Duration: 0.1ms | Allocations: 7)
Completed 200 OK in 10ms (Views: 9.0ms | ActiveRecord: 0.0ms | Allocations: 3065)


Started GET "/donations" for ::1 at 2019-11-11 20:08:57 -0500
Processing by DonationsController#index as HTML
  Rendering donations/index.html.erb within layouts/application
  [1m[36mDonation Load (0.3ms)[0m  [1m[34mSELECT "donations".* FROM "donations"[0m
  ↳ app/views/donations/index.html.erb:6
  Rendered donations/index.html.erb within layouts/application (Duration: 2.2ms | Allocations: 614)
Completed 200 OK in 20ms (Views: 18.5ms | ActiveRecord: 0.3ms | Allocations: 3498)


Started GET "/donations" for ::1 at 2019-11-11 20:08:59 -0500
Processing by DonationsController#index as HTML
  Rendering donations/index.html.erb within layouts/application
  [1m[36mDonation Load (0.2ms)[0m  [1m[34mSELECT "donations".* FROM "donations"[0m
  ↳ app/views/donations/index.html.erb:6
  Rendered donations/index.html.erb within layouts/application (Duration: 1.5ms | Allocations: 614)
Completed 200 OK in 22ms (Views: 20.7ms | ActiveRecord: 0.2ms | Allocations: 3488)


Started GET "/donations/new" for ::1 at 2019-11-11 20:10:47 -0500
Processing by DonationsController#new as HTML
  Rendering donations/new.html.erb within layouts/application
  Rendered donations/new.html.erb within layouts/application (Duration: 3.8ms | Allocations: 840)
Completed 200 OK in 19ms (Views: 17.6ms | ActiveRecord: 0.0ms | Allocations: 3761)


Started GET "/donations/new" for ::1 at 2019-11-11 20:18:57 -0500
  [1m[35m (1.3ms)[0m  [1m[34mSELECT sqlite_version(*)[0m
  [1m[35m (0.5ms)[0m  [1m[34mSELECT "schema_migrations"."version" FROM "schema_migrations" ORDER BY "schema_migrations"."version" ASC[0m
Processing by DonationsController#new as HTML
  Rendering donations/new.html.erb within layouts/application
  Rendered donations/new.html.erb within layouts/application (Duration: 63.8ms | Allocations: 2720)
Completed 200 OK in 499ms (Views: 356.9ms | ActiveRecord: 1.5ms | Allocations: 13938)


Started POST "/donations" for ::1 at 2019-11-11 20:19:07 -0500
Processing by DonationsController#create as HTML
  Parameters: {"authenticity_token"=>"lvLEu+/m0LZdGicgXLc6UtLV6cGxpPvV+1Iu+QmFeMnuCNwXpwtAsDPrHipnBOyCMsevE0hqiUgP/cJl5ECGSw==", "donation"=>{"student_id"=>"asdfsadf", "donor"=>"asdfasdf", "amount"=>"234"}, "commit"=>"Submit"}
  [1m[35m (0.1ms)[0m  [1m[36mbegin transaction[0m
  ↳ (pry):5:in `donation_params'
  [1m[36mStudent Load (12.8ms)[0m  [1m[34mSELECT "students".* FROM "students" WHERE "students"."id" = ? LIMIT ?[0m  [["id", 0], ["LIMIT", 1]]
  ↳ (pry):5:in `donation_params'
  [1m[35m (0.1ms)[0m  [1m[31mrollback transaction[0m
  ↳ (pry):5:in `donation_params'
  [1m[35m (0.1ms)[0m  [1m[36mbegin transaction[0m
  ↳ app/controllers/donations_controller.rb:13:in `create'
  [1m[36mStudent Load (0.2ms)[0m  [1m[34mSELECT "students".* FROM "students" WHERE "students"."id" = ? LIMIT ?[0m  [["id", 0], ["LIMIT", 1]]
  ↳ app/controllers/donations_controller.rb:13:in `create'
  [1m[35m (0.1ms)[0m  [1m[31mrollback transaction[0m
  ↳ app/controllers/donations_controller.rb:13:in `create'
Redirected to http://localhost:3000/donations
Completed 302 Found in 1222967ms (ActiveRecord: 14.2ms | Allocations: 125860)


Started GET "/donations" for ::1 at 2019-11-11 20:39:30 -0500
  [1m[35m (0.1ms)[0m  [1m[34mSELECT sqlite_version(*)[0m
Processing by DonationsController#index as HTML
  Rendering donations/index.html.erb within layouts/application
  [1m[36mDonation Load (28.3ms)[0m  [1m[34mSELECT "donations".* FROM "donations"[0m
  ↳ app/views/donations/index.html.erb:6
  Rendered donations/index.html.erb within layouts/application (Duration: 40.4ms | Allocations: 4761)
Completed 200 OK in 55ms (Views: 20.7ms | ActiveRecord: 29.4ms | Allocations: 8503)


Started GET "/donations/new" for ::1 at 2019-11-11 20:39:42 -0500
Processing by DonationsController#new as HTML
  Rendering donations/new.html.erb within layouts/application
  Rendered donations/new.html.erb within layouts/application (Duration: 2.9ms | Allocations: 839)
Completed 200 OK in 13ms (Views: 12.4ms | ActiveRecord: 0.0ms | Allocations: 3733)


  [1m[35m (0.6ms)[0m  [1m[34mSELECT sqlite_version(*)[0m
  [1m[35m (0.6ms)[0m  [1m[34mSELECT "schema_migrations"."version" FROM "schema_migrations" ORDER BY "schema_migrations"."version" ASC[0m
  [1m[35m (0.8ms)[0m  [1m[34mSELECT "ar_internal_metadata"."value" FROM "ar_internal_metadata" WHERE "ar_internal_metadata"."key" = ?[0m  [["key", "environment"]]
  [1m[35m (0.1ms)[0m  [1m[34mSELECT "schema_migrations"."version" FROM "schema_migrations" ORDER BY "schema_migrations"."version" ASC[0m
  [1m[35m (0.1ms)[0m  [1m[34mSELECT "ar_internal_metadata"."value" FROM "ar_internal_metadata" WHERE "ar_internal_metadata"."key" = ?[0m  [["key", "environment"]]
  [1m[35m (0.1ms)[0m  [1m[34mSELECT "schema_migrations"."version" FROM "schema_migrations" ORDER BY "schema_migrations"."version" ASC[0m
  [1m[35m (0.1ms)[0m  [1m[34mSELECT "ar_internal_metadata"."value" FROM "ar_internal_metadata" WHERE "ar_internal_metadata"."key" = ?[0m  [["key", "environment"]]
  [1m[35m (0.1ms)[0m  [1m[34mSELECT sqlite_version(*)[0m
  [1m[35m (0.1ms)[0m  [1m[34mSELECT sqlite_version(*)[0m
  [1m[35m (0.1ms)[0m  [1m[34mSELECT sqlite_version(*)[0m
  [1m[35m (0.2ms)[0m  [1m[35mDROP TABLE IF EXISTS "donations"[0m
  [1m[35m (2.1ms)[0m  [1m[35mCREATE TABLE "donations" ("id" integer PRIMARY KEY AUTOINCREMENT NOT NULL, "created_at" datetime(6) NOT NULL, "updated_at" datetime(6) NOT NULL, "amount" float, "donor" varchar, "student_id" integer)[0m
  [1m[35m (1.7ms)[0m  [1m[35mCREATE  INDEX "index_student_id" ON "donations" ("student_id")[0m
  [1m[35m (0.2ms)[0m  [1m[35mDROP TABLE IF EXISTS "students"[0m
  [1m[35m (1.6ms)[0m  [1m[35mCREATE TABLE "students" ("id" integer PRIMARY KEY AUTOINCREMENT NOT NULL, "name" varchar, "goal" float, "created_at" datetime(6) NOT NULL, "updated_at" datetime(6) NOT NULL)[0m
  [1m[35m (1.8ms)[0m  [1m[35mCREATE TABLE "schema_migrations" ("version" varchar NOT NULL PRIMARY KEY)[0m
  [1m[35m (0.1ms)[0m  [1m[34mSELECT "schema_migrations"."version" FROM "schema_migrations" ORDER BY "schema_migrations"."version" ASC[0m
  [1m[35m (2.0ms)[0m  [1m[32mINSERT INTO "schema_migrations" (version) VALUES (20191111212834)[0m
  [1m[35m (1.9ms)[0m  [1m[32mINSERT INTO "schema_migrations" (version) VALUES
(20191111192117),
(20191111193633),
(20191111193826),
(20191111194429),
(20191111205359),
(20191111205743);

[0m
  [1m[35m (1.6ms)[0m  [1m[35mCREATE TABLE "ar_internal_metadata" ("key" varchar NOT NULL PRIMARY KEY, "value" varchar, "created_at" datetime(6) NOT NULL, "updated_at" datetime(6) NOT NULL)[0m
  [1m[36mActiveRecord::InternalMetadata Load (0.4ms)[0m  [1m[34mSELECT "ar_internal_metadata".* FROM "ar_internal_metadata" WHERE "ar_internal_metadata"."key" = ? LIMIT ?[0m  [["key", "environment"], ["LIMIT", 1]]
  [1m[35m (0.1ms)[0m  [1m[36mbegin transaction[0m
  [1m[36mActiveRecord::InternalMetadata Create (1.8ms)[0m  [1m[32mINSERT INTO "ar_internal_metadata" ("key", "value", "created_at", "updated_at") VALUES (?, ?, ?, ?)[0m  [["key", "environment"], ["value", "development"], ["created_at", "2019-11-12 14:25:26.306581"], ["updated_at", "2019-11-12 14:25:26.306581"]]
  [1m[35m (1.4ms)[0m  [1m[36mcommit transaction[0m
  [1m[36mActiveRecord::InternalMetadata Load (0.1ms)[0m  [1m[34mSELECT "ar_internal_metadata".* FROM "ar_internal_metadata" WHERE "ar_internal_metadata"."key" = ? LIMIT ?[0m  [["key", "environment"], ["LIMIT", 1]]
  [1m[36mActiveRecord::InternalMetadata Load (0.1ms)[0m  [1m[34mSELECT "ar_internal_metadata".* FROM "ar_internal_metadata" WHERE "ar_internal_metadata"."key" = ? LIMIT ?[0m  [["key", "schema_sha1"], ["LIMIT", 1]]
  [1m[35m (0.1ms)[0m  [1m[36mbegin transaction[0m
  [1m[36mActiveRecord::InternalMetadata Create (0.4ms)[0m  [1m[32mINSERT INTO "ar_internal_metadata" ("key", "value", "created_at", "updated_at") VALUES (?, ?, ?, ?)[0m  [["key", "schema_sha1"], ["value", "6b4694d3ac85e879a42248a25cabaaf58c2b6a10"], ["created_at", "2019-11-12 14:25:26.320752"], ["updated_at", "2019-11-12 14:25:26.320752"]]
  [1m[35m (1.5ms)[0m  [1m[36mcommit transaction[0m
  [1m[35m (0.1ms)[0m  [1m[34mSELECT sqlite_version(*)[0m
  [1m[35m (0.1ms)[0m  [1m[35mDROP TABLE IF EXISTS "donations"[0m
  [1m[35m (1.6ms)[0m  [1m[35mCREATE TABLE "donations" ("id" integer PRIMARY KEY AUTOINCREMENT NOT NULL, "created_at" datetime(6) NOT NULL, "updated_at" datetime(6) NOT NULL, "amount" float, "donor" varchar, "student_id" integer)[0m
  [1m[35m (1.6ms)[0m  [1m[35mCREATE  INDEX "index_student_id" ON "donations" ("student_id")[0m
  [1m[35m (0.2ms)[0m  [1m[35mDROP TABLE IF EXISTS "students"[0m
  [1m[35m (1.7ms)[0m  [1m[35mCREATE TABLE "students" ("id" integer PRIMARY KEY AUTOINCREMENT NOT NULL, "name" varchar, "goal" float, "created_at" datetime(6) NOT NULL, "updated_at" datetime(6) NOT NULL)[0m
  [1m[35m (1.7ms)[0m  [1m[35mCREATE TABLE "schema_migrations" ("version" varchar NOT NULL PRIMARY KEY)[0m
  [1m[35m (0.2ms)[0m  [1m[34mSELECT "schema_migrations"."version" FROM "schema_migrations" ORDER BY "schema_migrations"."version" ASC[0m
  [1m[35m (1.6ms)[0m  [1m[32mINSERT INTO "schema_migrations" (version) VALUES (20191111212834)[0m
  [1m[35m (1.8ms)[0m  [1m[32mINSERT INTO "schema_migrations" (version) VALUES
(20191111192117),
(20191111193633),
(20191111193826),
(20191111194429),
(20191111205359),
(20191111205743);

[0m
  [1m[35m (1.5ms)[0m  [1m[35mCREATE TABLE "ar_internal_metadata" ("key" varchar NOT NULL PRIMARY KEY, "value" varchar, "created_at" datetime(6) NOT NULL, "updated_at" datetime(6) NOT NULL)[0m
  [1m[36mActiveRecord::InternalMetadata Load (0.2ms)[0m  [1m[34mSELECT "ar_internal_metadata".* FROM "ar_internal_metadata" WHERE "ar_internal_metadata"."key" = ? LIMIT ?[0m  [["key", "environment"], ["LIMIT", 1]]
  [1m[35m (0.1ms)[0m  [1m[36mbegin transaction[0m
  [1m[36mActiveRecord::InternalMetadata Create (0.5ms)[0m  [1m[32mINSERT INTO "ar_internal_metadata" ("key", "value", "created_at", "updated_at") VALUES (?, ?, ?, ?)[0m  [["key", "environment"], ["value", "development"], ["created_at", "2019-11-12 14:25:26.359372"], ["updated_at", "2019-11-12 14:25:26.359372"]]
  [1m[35m (1.9ms)[0m  [1m[36mcommit transaction[0m
  [1m[36mActiveRecord::InternalMetadata Load (0.1ms)[0m  [1m[34mSELECT "ar_internal_metadata".* FROM "ar_internal_metadata" WHERE "ar_internal_metadata"."key" = ? LIMIT ?[0m  [["key", "environment"], ["LIMIT", 1]]
  [1m[35m (0.1ms)[0m  [1m[36mbegin transaction[0m
  [1m[36mActiveRecord::InternalMetadata Update (0.5ms)[0m  [1m[33mUPDATE "ar_internal_metadata" SET "value" = ?, "updated_at" = ? WHERE "ar_internal_metadata"."key" = ?[0m  [["value", "test"], ["updated_at", "2019-11-12 14:25:26.387292"], ["key", "environment"]]
  [1m[35m (75.5ms)[0m  [1m[36mcommit transaction[0m
  [1m[36mActiveRecord::InternalMetadata Load (0.2ms)[0m  [1m[34mSELECT "ar_internal_metadata".* FROM "ar_internal_metadata" WHERE "ar_internal_metadata"."key" = ? LIMIT ?[0m  [["key", "schema_sha1"], ["LIMIT", 1]]
  [1m[35m (0.1ms)[0m  [1m[36mbegin transaction[0m
  [1m[36mActiveRecord::InternalMetadata Create (0.5ms)[0m  [1m[32mINSERT INTO "ar_internal_metadata" ("key", "value", "created_at", "updated_at") VALUES (?, ?, ?, ?)[0m  [["key", "schema_sha1"], ["value", "6b4694d3ac85e879a42248a25cabaaf58c2b6a10"], ["created_at", "2019-11-12 14:25:26.471236"], ["updated_at", "2019-11-12 14:25:26.471236"]]
  [1m[35m (29.4ms)[0m  [1m[36mcommit transaction[0m
  [1m[35m (0.2ms)[0m  [1m[34mSELECT sqlite_version(*)[0m
  [1m[35m (0.2ms)[0m  [1m[34mSELECT "schema_migrations"."version" FROM "schema_migrations" ORDER BY "schema_migrations"."version" ASC[0m
  [1m[35m (0.1ms)[0m  [1m[34mSELECT sqlite_version(*)[0m
  [1m[35m (0.3ms)[0m  [1m[34mSELECT "schema_migrations"."version" FROM "schema_migrations" ORDER BY "schema_migrations"."version" ASC[0m
  [1m[36mActiveRecord::InternalMetadata Load (0.2ms)[0m  [1m[34mSELECT "ar_internal_metadata".* FROM "ar_internal_metadata" WHERE "ar_internal_metadata"."key" = ? LIMIT ?[0m  [["key", "environment"], ["LIMIT", 1]]
  [1m[35m (0.1ms)[0m  [1m[34mSELECT sqlite_version(*)[0m
  [1m[35m (0.2ms)[0m  [1m[34mSELECT "schema_migrations"."version" FROM "schema_migrations" ORDER BY "schema_migrations"."version" ASC[0m
